<?xml version="1.0" encoding="UTF-8"?>
<!-- Generated by org.testng.reporters.JUnitXMLReporter -->
<testsuite hostname="Khurshida" ignored="2" name="Test" tests="8" failures="2" timestamp="2020-02-14T21:28:49 IST" time="0.071" errors="0">
  <testcase name="test1" time="0.008" classname="TestPackeg.Chapter1"/>
  <testcase name="test1" time="0.002" classname="TestPackeg.Chapter2"/>
  <testcase name="test2" time="0.001" classname="TestPackeg.Chapter2"/>
  <testcase name="carloadtest1" time="0.0" classname="TestPackeg.Chapter3">
    <failure type="org.testng.TestNGException" message="
Cannot inject @Test annotated Method [carloadtest1] with [class java.lang.String].
For more information on native dependency injection please refer to http://testng.org/doc/documentation-main.html#native-dependency-injection">
      <![CDATA[org.testng.TestNGException: 
Cannot inject @Test annotated Method [carloadtest1] with [class java.lang.String].
For more information on native dependency injection please refer to http://testng.org/doc/documentation-main.html#native-dependency-injection
at java.util.ArrayList.forEach(Unknown Source)
... Removed 26 stack frames]]>
    </failure>
  </testcase> <!-- carloadtest1 -->
  <testcase name="carloadtest2" time="0.005" classname="TestPackeg.Chapter3">
    <failure type="java.lang.AssertionError" message="did not expect to find [true] but found [false]">
      <![CDATA[java.lang.AssertionError: did not expect to find [true] but found [false]
at TestPackeg.Chapter3.carloadtest2(Chapter3.java:20)
at java.util.ArrayList.forEach(Unknown Source)
... Removed 31 stack frames]]>
    </failure>
  </testcase> <!-- carloadtest2 -->
  <testcase name="carloadtest3" time="0.0" classname="TestPackeg.Chapter3"/>
  <testcase name="Homeloadtest1" time="0.001" classname="TestPackeg.Chapter4"/>
  <testcase name="Homeloadtest3" time="0.001" classname="TestPackeg.Chapter4"/>
  <testcase name="test2" time="0.0" classname="TestPackeg.Chapter1">
    <ignored/>
  </testcase> <!-- test2 -->
  <testcase name="Homeloadtest2" time="0.0" classname="TestPackeg.Chapter4">
    <ignored/>
  </testcase> <!-- Homeloadtest2 -->
</testsuite> <!-- Test -->
