<?xml version="1.0" encoding="UTF-8"?>
<testng-results skipped="0" failed="2" ignored="2" total="10" passed="6">
  <reporter-output>
  </reporter-output>
  <suite name="Suite" duration-ms="71" started-at="2020-02-14T21:28:49 IST" finished-at="2020-02-14T21:28:49 IST">
    <groups>
    </groups>
    <test name="Test" duration-ms="71" started-at="2020-02-14T21:28:49 IST" finished-at="2020-02-14T21:28:49 IST">
      <class name="TestPackeg.Chapter1">
        <test-method status="PASS" signature="test1()[pri:0, instance:TestPackeg.Chapter1@78c03f1f]" name="test1" duration-ms="8" started-at="2020-02-14T21:28:49 IST" finished-at="2020-02-14T21:28:49 IST">
          <reporter-output>
          </reporter-output>
        </test-method> <!-- test1 -->
      </class> <!-- TestPackeg.Chapter1 -->
      <class name="TestPackeg.Chapter2">
        <test-method status="PASS" signature="test1()[pri:0, instance:TestPackeg.Chapter2@5ec0a365]" name="test1" duration-ms="2" started-at="2020-02-14T21:28:49 IST" finished-at="2020-02-14T21:28:49 IST">
          <reporter-output>
          </reporter-output>
        </test-method> <!-- test1 -->
        <test-method status="PASS" signature="test2()[pri:0, instance:TestPackeg.Chapter2@5ec0a365]" name="test2" duration-ms="1" started-at="2020-02-14T21:28:49 IST" finished-at="2020-02-14T21:28:49 IST">
          <reporter-output>
          </reporter-output>
        </test-method> <!-- test2 -->
      </class> <!-- TestPackeg.Chapter2 -->
      <class name="TestPackeg.Chapter3">
        <test-method status="FAIL" signature="carloadtest1(java.lang.String)[pri:0, instance:TestPackeg.Chapter3@4fe3c938]" name="carloadtest1" duration-ms="0" started-at="2020-02-14T21:28:49 IST" finished-at="2020-02-14T21:28:49 IST">
          <exception class="org.testng.TestNGException">
            <message>
              <![CDATA[
Cannot inject @Test annotated Method [carloadtest1] with [class java.lang.String].
For more information on native dependency injection please refer to http://testng.org/doc/documentation-main.html#native-dependency-injection]]>
            </message>
            <full-stacktrace>
              <![CDATA[org.testng.TestNGException: 
Cannot inject @Test annotated Method [carloadtest1] with [class java.lang.String].
For more information on native dependency injection please refer to http://testng.org/doc/documentation-main.html#native-dependency-injection
at org.testng.internal.Parameters.checkParameterTypes(Parameters.java:458)
at org.testng.internal.Parameters.createParametersForMethod(Parameters.java:372)
at org.testng.internal.Parameters.createParameters(Parameters.java:729)
at org.testng.internal.Parameters.handleParameters(Parameters.java:895)
at org.testng.internal.Parameters.handleParameters(Parameters.java:762)
at org.testng.internal.ParameterHandler.handleParameters(ParameterHandler.java:60)
at org.testng.internal.ParameterHandler.createParameters(ParameterHandler.java:39)
at org.testng.internal.TestInvoker$MethodInvocationAgent.invoke(TestInvoker.java:771)
at org.testng.internal.TestInvoker.invokeTestMethods(TestInvoker.java:145)
at org.testng.internal.TestMethodWorker.invokeTestMethods(TestMethodWorker.java:146)
at org.testng.internal.TestMethodWorker.run(TestMethodWorker.java:128)
at java.util.ArrayList.forEach(Unknown Source)
at org.testng.TestRunner.privateRun(TestRunner.java:770)
at org.testng.TestRunner.run(TestRunner.java:591)
at org.testng.SuiteRunner.runTest(SuiteRunner.java:402)
at org.testng.SuiteRunner.runSequentially(SuiteRunner.java:396)
at org.testng.SuiteRunner.privateRun(SuiteRunner.java:355)
at org.testng.SuiteRunner.run(SuiteRunner.java:304)
at org.testng.SuiteRunnerWorker.runSuite(SuiteRunnerWorker.java:53)
at org.testng.SuiteRunnerWorker.run(SuiteRunnerWorker.java:96)
at org.testng.TestNG.runSuitesSequentially(TestNG.java:1180)
at org.testng.TestNG.runSuitesLocally(TestNG.java:1102)
at org.testng.TestNG.runSuites(TestNG.java:1032)
at org.testng.TestNG.run(TestNG.java:1000)
at org.testng.remote.AbstractRemoteTestNG.run(AbstractRemoteTestNG.java:115)
at org.testng.remote.RemoteTestNG.initAndRun(RemoteTestNG.java:251)
at org.testng.remote.RemoteTestNG.main(RemoteTestNG.java:77)
]]>
            </full-stacktrace>
          </exception> <!-- org.testng.TestNGException -->
          <reporter-output>
          </reporter-output>
        </test-method> <!-- carloadtest1 -->
        <test-method status="FAIL" signature="carloadtest2()[pri:0, instance:TestPackeg.Chapter3@4fe3c938]" name="carloadtest2" duration-ms="5" started-at="2020-02-14T21:28:49 IST" finished-at="2020-02-14T21:28:49 IST">
          <exception class="java.lang.AssertionError">
            <message>
              <![CDATA[did not expect to find [true] but found [false]]]>
            </message>
            <full-stacktrace>
              <![CDATA[java.lang.AssertionError: did not expect to find [true] but found [false]
at org.testng.Assert.fail(Assert.java:97)
at org.testng.Assert.failNotEquals(Assert.java:969)
at org.testng.Assert.assertTrue(Assert.java:43)
at org.testng.Assert.assertTrue(Assert.java:53)
at TestPackeg.Chapter3.carloadtest2(Chapter3.java:20)
at sun.reflect.NativeMethodAccessorImpl.invoke0(Native Method)
at sun.reflect.NativeMethodAccessorImpl.invoke(Unknown Source)
at sun.reflect.DelegatingMethodAccessorImpl.invoke(Unknown Source)
at java.lang.reflect.Method.invoke(Unknown Source)
at org.testng.internal.MethodInvocationHelper.invokeMethod(MethodInvocationHelper.java:133)
at org.testng.internal.TestInvoker.invokeMethod(TestInvoker.java:584)
at org.testng.internal.TestInvoker.invokeTestMethod(TestInvoker.java:172)
at org.testng.internal.MethodRunner.runInSequence(MethodRunner.java:46)
at org.testng.internal.TestInvoker$MethodInvocationAgent.invoke(TestInvoker.java:804)
at org.testng.internal.TestInvoker.invokeTestMethods(TestInvoker.java:145)
at org.testng.internal.TestMethodWorker.invokeTestMethods(TestMethodWorker.java:146)
at org.testng.internal.TestMethodWorker.run(TestMethodWorker.java:128)
at java.util.ArrayList.forEach(Unknown Source)
at org.testng.TestRunner.privateRun(TestRunner.java:770)
at org.testng.TestRunner.run(TestRunner.java:591)
at org.testng.SuiteRunner.runTest(SuiteRunner.java:402)
at org.testng.SuiteRunner.runSequentially(SuiteRunner.java:396)
at org.testng.SuiteRunner.privateRun(SuiteRunner.java:355)
at org.testng.SuiteRunner.run(SuiteRunner.java:304)
at org.testng.SuiteRunnerWorker.runSuite(SuiteRunnerWorker.java:53)
at org.testng.SuiteRunnerWorker.run(SuiteRunnerWorker.java:96)
at org.testng.TestNG.runSuitesSequentially(TestNG.java:1180)
at org.testng.TestNG.runSuitesLocally(TestNG.java:1102)
at org.testng.TestNG.runSuites(TestNG.java:1032)
at org.testng.TestNG.run(TestNG.java:1000)
at org.testng.remote.AbstractRemoteTestNG.run(AbstractRemoteTestNG.java:115)
at org.testng.remote.RemoteTestNG.initAndRun(RemoteTestNG.java:251)
at org.testng.remote.RemoteTestNG.main(RemoteTestNG.java:77)
]]>
            </full-stacktrace>
          </exception> <!-- java.lang.AssertionError -->
          <reporter-output>
          </reporter-output>
        </test-method> <!-- carloadtest2 -->
        <test-method status="PASS" signature="carloadtest3()[pri:0, instance:TestPackeg.Chapter3@4fe3c938]" name="carloadtest3" duration-ms="0" started-at="2020-02-14T21:28:49 IST" finished-at="2020-02-14T21:28:49 IST">
          <reporter-output>
          </reporter-output>
        </test-method> <!-- carloadtest3 -->
      </class> <!-- TestPackeg.Chapter3 -->
      <class name="TestPackeg.Chapter4">
        <test-method status="PASS" signature="Homeloadtest1()[pri:0, instance:TestPackeg.Chapter4@5383967b]" name="Homeloadtest1" duration-ms="1" started-at="2020-02-14T21:28:49 IST" finished-at="2020-02-14T21:28:49 IST">
          <reporter-output>
          </reporter-output>
        </test-method> <!-- Homeloadtest1 -->
        <test-method status="PASS" signature="Homeloadtest3()[pri:0, instance:TestPackeg.Chapter4@5383967b]" name="Homeloadtest3" duration-ms="1" started-at="2020-02-14T21:28:49 IST" finished-at="2020-02-14T21:28:49 IST">
          <reporter-output>
          </reporter-output>
        </test-method> <!-- Homeloadtest3 -->
      </class> <!-- TestPackeg.Chapter4 -->
    </test> <!-- Test -->
  </suite> <!-- Suite -->
</testng-results>
